{"TimeGenerated":"3/11/2024, 10:51:59.077 AM","Account":"contoso\\benjamin","AccountType":"User","Computer":"appserver-05952e","EventSourceName":"Microsoft-Windows-Security-Auditing","Channel":"Security","Task":12544,"EventData":"","EventID":4625,"Activity":"4625 - An account failed to logon","SourceComputerId":"4f09bae2-4803-4aa4-8b80-0e2ea66218d2","EventOriginId":"4f09bae2-4803-4aa4-8b80-0e2ea66218d3","ManagementGroupName":"AOI-8ecf8077-cf51-4820-aadd-14040956f35d","Status":"0xc000006d","FailureReason":"%%2313","SubStatus":"0xc000006a","AuthenticationPackageName":"NTLM","IpAddress":"255.254.253.252","IpPort":0,"KeyLength":128,"LmPackageName":"NTLM V2","LogonProcessName":"NtLmSsp","LogonType":3,"LogonTypeName":"3 - Network","Process":"-","ProcessId":"0x0","ProcessName":"-","SubjectAccount":"-\\-","SubjectDomainName":"-","SubjectLogonId":"0x0","SubjectUserName":"-","SubjectUserSid":"S-1-0-0","TargetAccount":"contoso\\benjamin","TargetDomainName":"contoso","TargetUserName":"benjamin","TargetUserSid":"S-1-5-21-2769934187-2433420870-601450644-3108","WorkstationName":"appserver-05952e","SeverityValue":4,"Severity":"ERROR"},{"TimeGenerated":"3/11/2024, 10:51:59.137 AM","Account":"contoso\\benjamin","AccountType":"User","Computer":"appserver-05952e","EventSourceName":"Microsoft-Windows-Security-Auditing","Channel":"Security","Task":12544,"EventData":"","EventID":4625,"Activity":"4625 - An account failed to logon","SourceComputerId":"4f09bae2-4803-4aa4-8b80-0e2ea66218d2","EventOriginId":"4f09bae2-4803-4aa4-8b80-0e2ea66218d3","ManagementGroupName":"AOI-8ecf8077-cf51-4820-aadd-14040956f35d","Status":"0xc000006d","FailureReason":"%%2313","SubStatus":"0xc000006a","AuthenticationPackageName":"NTLM","IpAddress":"255.254.253.252","IpPort":0,"KeyLength":128,"LmPackageName":"NTLM V2","LogonProcessName":"NtLmSsp","LogonType":3,"LogonTypeName":"3 - Network","Process":"-","ProcessId":"0x0","ProcessName":"-","SubjectAccount":"-\\-","SubjectDomainName":"-","SubjectLogonId":"0x0","SubjectUserName":"-","SubjectUserSid":"S-1-0-0","TargetAccount":"contoso\\benjamin","TargetDomainName":"contoso","TargetUserName":"benjamin","TargetUserSid":"S-1-5-21-2769934187-2433420870-601450644-3108","WorkstationName":"appserver-05952e","SeverityValue":4,"Severity":"ERROR"},{"TimeGenerated":"3/11/2024, 10:51:59.197 AM","Account":"contoso\\benjamin","AccountType":"User","Computer":"appserver-05952e","EventSourceName":"Microsoft-Windows-Security-Auditing","Channel":"Security","Task":12544,"EventData":"","EventID":4625,"Activity":"4625 - An account failed to logon","SourceComputerId":"4f09bae2-4803-4aa4-8b80-0e2ea66218d2","EventOriginId":"4f09bae2-4803-4aa4-8b80-0e2ea66218d3","ManagementGroupName":"AOI-8ecf8077-cf51-4820-aadd-14040956f35d","Status":"0xc000006d","FailureReason":"%%2313","SubStatus":"0xc000006a","AuthenticationPackageName":"NTLM","IpAddress":"255.254.253.252","IpPort":0,"KeyLength":128,"LmPackageName":"NTLM V2","LogonProcessName":"NtLmSsp","LogonType":3,"LogonTypeName":"3 - Network","Process":"-","ProcessId":"0x0","ProcessName":"-","SubjectAccount":"-\\-","SubjectDomainName":"-","SubjectLogonId":"0x0","SubjectUserName":"-","SubjectUserSid":"S-1-0-0","TargetAccount":"contoso\\benjamin","TargetDomainName":"contoso","TargetUserName":"benjamin","TargetUserSid":"S-1-5-21-2769934187-2433420870-601450644-3108","WorkstationName":"appserver-05952e","SeverityValue":4,"Severity":"ERROR"},{"TimeGenerated":"3/11/2024, 10:51:59.257 AM","Account":"contoso\\benjamin","AccountType":"User","Computer":"appserver-05952e","EventSourceName":"Microsoft-Windows-Security-Auditing","Channel":"Security","Task":12544,"EventData":"","EventID":4625,"Activity":"4625 - An account failed to logon","SourceComputerId":"4f09bae2-4803-4aa4-8b80-0e2ea66218d2","EventOriginId":"4f09bae2-4803-4aa4-8b80-0e2ea66218d3","ManagementGroupName":"AOI-8ecf8077-cf51-4820-aadd-14040956f35d","Status":"0xc000006d","FailureReason":"%%2313","SubStatus":"0xc000006a","AuthenticationPackageName":"NTLM","IpAddress":"255.254.253.252","IpPort":0,"KeyLength":128,"LmPackageName":"NTLM V2","LogonProcessName":"NtLmSsp","LogonType":3,"LogonTypeName":"3 - Network","Process":"-","ProcessId":"0x0","ProcessName":"-","SubjectAccount":"-\\-","SubjectDomainName":"-","SubjectLogonId":"0x0","SubjectUserName":"-","SubjectUserSid":"S-1-0-0","TargetAccount":"contoso\\benjamin","TargetDomainName":"contoso","TargetUserName":"benjamin","TargetUserSid":"S-1-5-21-2769934187-2433420870-601450644-3108","WorkstationName":"appserver-05952e","SeverityValue":4,"Severity":"ERROR"},{"TimeGenerated":"3/11/2024, 10:51:59.317 AM","Account":"contoso\\benjamin","AccountType":"User","Computer":"appserver-05952e","EventSourceName":"Microsoft-Windows-Security-Auditing","Channel":"Security","Task":12544,"EventData":"","EventID":4625,"Activity":"4625 - An account failed to logon","SourceComputerId":"4f09bae2-4803-4aa4-8b80-0e2ea66218d2","EventOriginId":"4f09bae2-4803-4aa4-8b80-0e2ea66218d3","ManagementGroupName":"AOI-8ecf8077-cf51-4820-aadd-14040956f35d","Status":"0xc000006d","FailureReason":"%%2313","SubStatus":"0xc000006a","AuthenticationPackageName":"NTLM","IpAddress":"255.254.253.252","IpPort":0,"KeyLength":128,"LmPackageName":"NTLM V2","LogonProcessName":"NtLmSsp","LogonType":3,"LogonTypeName":"3 - Network","Process":"-","ProcessId":"0x0","ProcessName":"-","SubjectAccount":"-\\-","SubjectDomainName":"-","SubjectLogonId":"0x0","SubjectUserName":"-","SubjectUserSid":"S-1-0-0","TargetAccount":"contoso\\benjamin","TargetDomainName":"contoso","TargetUserName":"benjamin","TargetUserSid":"S-1-5-21-2769934187-2433420870-601450644-3108","WorkstationName":"appserver-05952e","SeverityValue":4,"Severity":"ERROR"},{"TimeGenerated":"3/11/2024, 10:51:59.377 AM","Account":"contoso\\benjamin","AccountType":"User","Computer":"appserver-05952e","EventSourceName":"Microsoft-Windows-Security-Auditing","Channel":"Security","Task":12544,"EventData":"","EventID":4625,"Activity":"4625 - An account failed to logon","SourceComputerId":"4f09bae2-4803-4aa4-8b80-0e2ea66218d2","EventOriginId":"4f09bae2-4803-4aa4-8b80-0e2ea66218d3","ManagementGroupName":"AOI-8ecf8077-cf51-4820-aadd-14040956f35d","Status":"0xc000006d","FailureReason":"%%2313","SubStatus":"0xc000006a","AuthenticationPackageName":"NTLM","IpAddress":"255.254.253.252","IpPort":0,"KeyLength":128,"LmPackageName":"NTLM V2","LogonProcessName":"NtLmSsp","LogonType":3,"LogonTypeName":"3 - Network","Process":"-","ProcessId":"0x0","ProcessName":"-","SubjectAccount":"-\\-","SubjectDomainName":"-","SubjectLogonId":"0x0","SubjectUserName":"-","SubjectUserSid":"S-1-0-0","TargetAccount":"contoso\\benjamin","TargetDomainName":"contoso","TargetUserName":"benjamin","TargetUserSid":"S-1-5-21-2769934187-2433420870-601450644-3108","WorkstationName":"appserver-05952e","SeverityValue":4,"Severity":"ERROR"},{"TimeGenerated":"3/11/2024, 10:51:59.437 AM","Account":"contoso\\benjamin","AccountType":"User","Computer":"appserver-05952e","EventSourceName":"Microsoft-Windows-Security-Auditing","Channel":"Security","Task":12544,"EventData":"","EventID":4625,"Activity":"4625 - An account failed to logon","SourceComputerId":"4f09bae2-4803-4aa4-8b80-0e2ea66218d2","EventOriginId":"4f09bae2-4803-4aa4-8b80-0e2ea66218d3","ManagementGroupName":"AOI-8ecf8077-cf51-4820-aadd-14040956f35d","Status":"0xc000006d","FailureReason":"%%2313","SubStatus":"0xc000006a","AuthenticationPackageName":"NTLM","IpAddress":"255.254.253.252","IpPort":0,"KeyLength":128,"LmPackageName":"NTLM V2","LogonProcessName":"NtLmSsp","LogonType":3,"LogonTypeName":"3 - Network","Process":"-","ProcessId":"0x0","ProcessName":"-","SubjectAccount":"-\\-","SubjectDomainName":"-","SubjectLogonId":"0x0","SubjectUserName":"-","SubjectUserSid":"S-1-0-0","TargetAccount":"contoso\\benjamin","TargetDomainName":"contoso","TargetUserName":"benjamin","TargetUserSid":"S-1-5-21-2769934187-2433420870-601450644-3108","WorkstationName":"appserver-05952e","SeverityValue":4,"Severity":"ERROR"},{"TimeGenerated":"3/11/2024, 10:51:59.497 AM","Account":"contoso\\benjamin","AccountType":"User","Computer":"appserver-05952e","EventSourceName":"Microsoft-Windows-Security-Auditing","Channel":"Security","Task":12544,"EventData":"","EventID":4625,"Activity":"4625 - An account failed to logon","SourceComputerId":"4f09bae2-4803-4aa4-8b80-0e2ea66218d2","EventOriginId":"4f09bae2-4803-4aa4-8b80-0e2ea66218d3","ManagementGroupName":"AOI-8ecf8077-cf51-4820-aadd-14040956f35d","Status":"0xc000006d","FailureReason":"%%2313","SubStatus":"0xc000006a","AuthenticationPackageName":"NTLM","IpAddress":"255.254.253.252","IpPort":0,"KeyLength":128,"LmPackageName":"NTLM V2","LogonProcessName":"NtLmSsp","LogonType":3,"LogonTypeName":"3 - Network","Process":"-","ProcessId":"0x0","ProcessName":"-","SubjectAccount":"-\\-","SubjectDomainName":"-","SubjectLogonId":"0x0","SubjectUserName":"-","SubjectUserSid":"S-1-0-0","TargetAccount":"contoso\\benjamin","TargetDomainName":"contoso","TargetUserName":"benjamin","TargetUserSid":"S-1-5-21-2769934187-2433420870-601450644-3108","WorkstationName":"appserver-05952e","SeverityValue":4,"Severity":"ERROR"},{"TimeGenerated":"3/11/2024, 10:51:59.557 AM","Account":"contoso\\benjamin","AccountType":"User","Computer":"appserver-05952e","EventSourceName":"Microsoft-Windows-Security-Auditing","Channel":"Security","Task":12544,"EventData":"","EventID":4625,"Activity":"4625 - An account failed to logon","SourceComputerId":"4f09bae2-4803-4aa4-8b80-0e2ea66218d2","EventOriginId":"4f09bae2-4803-4aa4-8b80-0e2ea66218d3","ManagementGroupName":"AOI-8ecf8077-cf51-4820-aadd-14040956f35d","Status":"0xc000006d","FailureReason":"%%2313","SubStatus":"0xc000006a","AuthenticationPackageName":"NTLM","IpAddress":"255.254.253.252","IpPort":0,"KeyLength":128,"LmPackageName":"NTLM V2","LogonProcessName":"NtLmSsp","LogonType":3,"LogonTypeName":"3 - Network","Process":"-","ProcessId":"0x0","ProcessName":"-","SubjectAccount":"-\\-","SubjectDomainName":"-","SubjectLogonId":"0x0","SubjectUserName":"-","SubjectUserSid":"S-1-0-0","TargetAccount":"contoso\\benjamin","TargetDomainName":"contoso","TargetUserName":"benjamin","TargetUserSid":"S-1-5-21-2769934187-2433420870-601450644-3108","WorkstationName":"appserver-05952e","SeverityValue":4,"Severity":"ERROR"},{"TimeGenerated":"3/11/2024, 10:51:59.617 AM","Account":"contoso\\benjamin","AccountType":"User","Computer":"appserver-05952e","EventSourceName":"Microsoft-Windows-Security-Auditing","Channel":"Security","Task":12544,"EventData":"","EventID":4625,"Activity":"4625 - An account failed to logon","SourceComputerId":"4f09bae2-4803-4aa4-8b80-0e2ea66218d2","EventOriginId":"4f09bae2-4803-4aa4-8b80-0e2ea66218d3","ManagementGroupName":"AOI-8ecf8077-cf51-4820-aadd-14040956f35d","Status":"0xc000006d","FailureReason":"%%2313","SubStatus":"0xc000006a","AuthenticationPackageName":"NTLM","IpAddress":"255.254.253.252","IpPort":0,"KeyLength":128,"LmPackageName":"NTLM V2","LogonProcessName":"NtLmSsp","LogonType":3,"LogonTypeName":"3 - Network","Process":"-","ProcessId":"0x0","ProcessName":"-","SubjectAccount":"-\\-","SubjectDomainName":"-","SubjectLogonId":"0x0","SubjectUserName":"-","SubjectUserSid":"S-1-0-0","TargetAccount":"contoso\\benjamin","TargetDomainName":"contoso","TargetUserName":"benjamin","TargetUserSid":"S-1-5-21-2769934187-2433420870-601450644-3108","WorkstationName":"appserver-05952e","SeverityValue":4,"Severity":"ERROR"},{"TimeGenerated":"3/11/2024, 10:51:59.677 AM","Account":"contoso\\benjamin","AccountType":"User","Computer":"appserver-05952e","EventSourceName":"Microsoft-Windows-Security-Auditing","Channel":"Security","Task":12544,"EventData":"","EventID":4625,"Activity":"4625 - An account failed to logon","SourceComputerId":"4f09bae2-4803-4aa4-8b80-0e2ea66218d2","EventOriginId":"4f09bae2-4803-4aa4-8b80-0e2ea66218d3","ManagementGroupName":"AOI-8ecf8077-cf51-4820-aadd-14040956f35d","Status":"0xc000006d","FailureReason":"%%2313","SubStatus":"0xc000006a","AuthenticationPackageName":"NTLM","IpAddress":"255.254.253.252","IpPort":0,"KeyLength":128,"LmPackageName":"NTLM V2","LogonProcessName":"NtLmSsp","LogonType":3,"LogonTypeName":"3 - Network","Process":"-","ProcessId":"0x0","ProcessName":"-","SubjectAccount":"-\\-","SubjectDomainName":"-","SubjectLogonId":"0x0","SubjectUserName":"-","SubjectUserSid":"S-1-0-0","TargetAccount":"contoso\\benjamin","TargetDomainName":"contoso","TargetUserName":"benjamin","TargetUserSid":"S-1-5-21-2769934187-2433420870-601450644-3108","WorkstationName":"appserver-05952e","SeverityValue":4,"Severity":"ERROR"},{"TimeGenerated":"3/11/2024, 10:51:59.737 AM","Account":"contoso\\benjamin","AccountType":"User","Computer":"appserver-05952e","EventSourceName":"Microsoft-Windows-Security-Auditing","Channel":"Security","Task":12544,"EventData":"","EventID":4625,"Activity":"4625 - An account failed to logon","SourceComputerId":"4f09bae2-4803-4aa4-8b80-0e2ea66218d2","EventOriginId":"4f09bae2-4803-4aa4-8b80-0e2ea66218d3","ManagementGroupName":"AOI-8ecf8077-cf51-4820-aadd-14040956f35d","Status":"0xc000006d","FailureReason":"%%2313","SubStatus":"0xc000006a","AuthenticationPackageName":"NTLM","IpAddress":"255.254.253.252","IpPort":0,"KeyLength":128,"LmPackageName":"NTLM V2","LogonProcessName":"NtLmSsp","LogonType":3,"LogonTypeName":"3 - Network","Process":"-","ProcessId":"0x0","ProcessName":"-","SubjectAccount":"-\\-","SubjectDomainName":"-","SubjectLogonId":"0x0","SubjectUserName":"-","SubjectUserSid":"S-1-0-0","TargetAccount":"contoso\\benjamin","TargetDomainName":"contoso","TargetUserName":"benjamin","TargetUserSid":"S-1-5-21-2769934187-2433420870-601450644-3108","WorkstationName":"appserver-05952e","SeverityValue":4,"Severity":"ERROR"},{"TimeGenerated":"3/11/2024, 10:51:59.797 AM","Account":"contoso\\benjamin","AccountType":"User","Computer":"appserver-05952e","EventSourceName":"Microsoft-Windows-Security-Auditing","Channel":"Security","Task":12544,"EventData":"","EventID":4625,"Activity":"4625 - An account failed to logon","SourceComputerId":"4f09bae2-4803-4aa4-8b80-0e2ea66218d2","EventOriginId":"4f09bae2-4803-4aa4-8b80-0e2ea66218d3","ManagementGroupName":"AOI-8ecf8077-cf51-4820-aadd-14040956f35d","Status":"0xc000006d","FailureReason":"%%2313","SubStatus":"0xc000006a","AuthenticationPackageName":"NTLM","IpAddress":"255.254.253.252","IpPort":0,"KeyLength":128,"LmPackageName":"NTLM V2","LogonProcessName":"NtLmSsp","LogonType":3,"LogonTypeName":"3 - Network","Process":"-","ProcessId":"0x0","ProcessName":"-","SubjectAccount":"-\\-","SubjectDomainName":"-","SubjectLogonId":"0x0","SubjectUserName":"-","SubjectUserSid":"S-1-0-0","TargetAccount":"contoso\\benjamin","TargetDomainName":"contoso","TargetUserName":"benjamin","TargetUserSid":"S-1-5-21-2769934187-2433420870-601450644-3108","WorkstationName":"appserver-05952e","SeverityValue":4,"Severity":"ERROR"}]
