TenantId,SourceSystem,TimeGenerated [UTC],Provider,Channel,Computer,Task,EventLevel,EventLevelName,Data,EventID,ManagementGroupName,EventData,RawEventData,EventOriginId,Type,_ResourceId
57a7a2b4-59ef-4866-a717-40d6e6b293de,OpsManager,"03/11/2024, 1:22:11.460 PM",Microsoft-Windows-Security-Auditing,Security,staging-a8c5c7,1,0,Information,,4663,AOI-57a7a2b4-59ef-4866-a717-40d6e6b293de,"{""ProcessId"":""0x1348"",""SubjectUserSid"":""S-1-5-21-1214773069-179022583-67152662-500"",""SubjectUserName"":""Administrator"",""SubjectDomainName"":""KUSTOWORKS"",""SubjectLogonId"":""0x45e1f6"",""ObjectServer"":""Security"",""HandleId"":""0xc6c"",""ProcessName"":""C:\\Windows\\System32\\WindowsPowerShell\\v1.0\\powershell_ise.exe"",""ObjectType"":""Key"",""ObjectName"":""\\REGISTRY\\MACHINE\\SOFTWARE\\AntivirusProduct\\Agent\\EnabledStatus"",""AccessList"":""%%4417 \t\t\t\t"",""AccessMask"":""0x2"",""ResourceAttributes"":""-""}",,c5c8ec4b-e718-4c50-92ea-b40145121314,WindowsEvent,/subscriptions/e174f759-39db-49b8-b8bc-15cf9abca0f3/resourcegroups/filesharelab/providers/microsoft.hybridcompute/machines/wef2022
57a7a2b4-59ef-4866-a717-40d6e6b293de,OpsManager,"03/11/2024, 1:22:10.460 PM",Microsoft-Windows-Security-Auditing,Security,staging-a8c5c7,1,0,Information,,4663,AOI-57a7a2b4-59ef-4866-a717-40d6e6b293de,"{""ProcessId"":""0x1348"",""SubjectUserSid"":""S-1-5-21-1214773069-179022583-67152662-500"",""SubjectUserName"":""Administrator"",""SubjectDomainName"":""KUSTOWORKS"",""SubjectLogonId"":""0x45e1f6"",""ObjectServer"":""Security"",""HandleId"":""0x590"",""ProcessName"":""C:\\Windows\\System32\\WindowsPowerShell\\v1.0\\powershell_ise.exe"",""ObjectType"":""Key"",""ObjectName"":""\\REGISTRY\\MACHINE\\SOFTWARE\\KustoWorks\\Subkey1\\Subkey1.1"",""AccessList"":""%%4432 \t\t\t\t"",""AccessMask"":""0x1"",""ResourceAttributes"":""-""}",,c5c8ec4b-e718-4c50-92ea-b40145121314,WindowsEvent,/subscriptions/e174f759-39db-49b8-b8bc-15cf9abca0f3/resourcegroups/filesharelab/providers/microsoft.hybridcompute/machines/wef2022
57a7a2b4-59ef-4866-a717-40d6e6b293de,OpsManager,"03/11/2024, 1:22:08.460 PM",Microsoft-Windows-Security-Auditing,Security,appserver-05952e,1,0,Information,,4663,AOI-57a7a2b4-59ef-4866-a717-40d6e6b293de,"{""ProcessId"":""0x7f0"",""SubjectUserSid"":""S-1-5-18"",""SubjectUserName"":""FS2022$"",""SubjectDomainName"":""KUSTOWORKS"",""SubjectLogonId"":""0x3e7"",""ObjectServer"":""Security"",""HandleId"":""0x4a0"",""ProcessName"":""C:\\Program Files\\Windows Defender Advanced Threat Protection\\MsSense.exe"",""ObjectType"":""Key"",""ObjectName"":""\\REGISTRY\\MACHINE\\SOFTWARE\\Microsoft\\Windows Advanced Threat Protection\\TelLib\\HeartBeats\\EndpointErrors\\0"",""AccessList"":""%%1537 \t\t\t\t"",""AccessMask"":""0x10000"",""ResourceAttributes"":""-""}",,c5c8ec4b-e718-4c50-92ea-b40145121314,WindowsEvent,/subscriptions/e174f759-39db-49b8-b8bc-15cf9abca0f3/resourcegroups/filesharelab/providers/microsoft.hybridcompute/machines/wef2022
